<?xml version="1.0" encoding="UTF-8"?>
<testng-results skipped="0" failed="0" ignored="0" total="1" passed="1">
  <reporter-output>
  </reporter-output>
  <suite name="Default suite" duration-ms="53102" started-at="2018-10-04T14:05:38Z" finished-at="2018-10-04T14:06:31Z">
    <groups>
    </groups>
    <test name="Default test" duration-ms="53102" started-at="2018-10-04T14:05:38Z" finished-at="2018-10-04T14:06:31Z">
      <class name="testcases.CompareProducts">
        <test-method status="PASS" signature="beforeSuite()[pri:0, instance:testcases.CompareProducts@127bd23]" name="beforeSuite" is-config="true" duration-ms="1026" started-at="2018-10-04T14:05:37Z" finished-at="2018-10-04T14:05:38Z">
          <reporter-output>
          </reporter-output>
        </test-method> <!-- beforeSuite -->
        <test-method status="PASS" signature="setData()[pri:0, instance:testcases.CompareProducts@127bd23]" name="setData" is-config="true" duration-ms="0" started-at="2018-10-04T14:05:38Z" finished-at="2018-10-04T14:05:38Z">
          <reporter-output>
          </reporter-output>
        </test-method> <!-- setData -->
        <test-method status="PASS" signature="beforeClass()[pri:0, instance:testcases.CompareProducts@127bd23]" name="beforeClass" is-config="true" duration-ms="2" started-at="2018-10-04T14:05:38Z" finished-at="2018-10-04T14:05:38Z">
          <reporter-output>
          </reporter-output>
        </test-method> <!-- beforeClass -->
        <test-method status="PASS" signature="beforeMethod()[pri:0, instance:testcases.CompareProducts@127bd23]" name="beforeMethod" is-config="true" duration-ms="22962" started-at="2018-10-04T14:05:38Z" finished-at="2018-10-04T14:06:01Z">
          <reporter-output>
          </reporter-output>
        </test-method> <!-- beforeMethod -->
        <test-method status="PASS" signature="Comparesection()[pri:0, instance:testcases.CompareProducts@127bd23]" name="Comparesection" duration-ms="28902" started-at="2018-10-04T14:06:01Z" finished-at="2018-10-04T14:06:30Z">
          <reporter-output>
          </reporter-output>
        </test-method> <!-- Comparesection -->
        <test-method status="PASS" signature="afterMethod()[pri:0, instance:testcases.CompareProducts@127bd23]" name="afterMethod" is-config="true" duration-ms="1190" started-at="2018-10-04T14:06:30Z" finished-at="2018-10-04T14:06:31Z">
          <reporter-output>
          </reporter-output>
        </test-method> <!-- afterMethod -->
        <test-method status="PASS" signature="afterTest()[pri:0, instance:testcases.CompareProducts@127bd23]" name="afterTest" is-config="true" duration-ms="1" started-at="2018-10-04T14:06:31Z" finished-at="2018-10-04T14:06:31Z">
          <reporter-output>
          </reporter-output>
        </test-method> <!-- afterTest -->
        <test-method status="PASS" signature="afterSuite()[pri:0, instance:testcases.CompareProducts@127bd23]" name="afterSuite" is-config="true" duration-ms="1274" started-at="2018-10-04T14:06:32Z" finished-at="2018-10-04T14:06:34Z">
          <reporter-output>
          </reporter-output>
        </test-method> <!-- afterSuite -->
      </class> <!-- testcases.CompareProducts -->
    </test> <!-- Default test -->
  </suite> <!-- Default suite -->
</testng-results>
