<?xml version="1.0" encoding="UTF-8"?>
<testng-results skipped="0" failed="0" ignored="0" total="1" passed="1">
  <reporter-output>
  </reporter-output>
  <suite name="Default suite" duration-ms="106098" started-at="2018-09-28T07:44:48Z" finished-at="2018-09-28T07:46:34Z">
    <groups>
    </groups>
    <test name="Default test" duration-ms="106098" started-at="2018-09-28T07:44:48Z" finished-at="2018-09-28T07:46:34Z">
      <class name="testcases.HeaderlinkNavigation">
        <test-method status="PASS" signature="beforeSuite()[pri:0, instance:testcases.HeaderlinkNavigation@127bd23]" name="beforeSuite" is-config="true" duration-ms="646" started-at="2018-09-28T07:44:47Z" finished-at="2018-09-28T07:44:48Z">
          <reporter-output>
          </reporter-output>
        </test-method> <!-- beforeSuite -->
        <test-method status="PASS" signature="setData()[pri:0, instance:testcases.HeaderlinkNavigation@127bd23]" name="setData" is-config="true" duration-ms="0" started-at="2018-09-28T07:44:48Z" finished-at="2018-09-28T07:44:48Z">
          <reporter-output>
          </reporter-output>
        </test-method> <!-- setData -->
        <test-method status="PASS" signature="beforeClass()[pri:0, instance:testcases.HeaderlinkNavigation@127bd23]" name="beforeClass" is-config="true" duration-ms="0" started-at="2018-09-28T07:44:48Z" finished-at="2018-09-28T07:44:48Z">
          <reporter-output>
          </reporter-output>
        </test-method> <!-- beforeClass -->
        <test-method status="PASS" signature="beforeMethod()[pri:0, instance:testcases.HeaderlinkNavigation@127bd23]" name="beforeMethod" is-config="true" duration-ms="61624" started-at="2018-09-28T07:44:48Z" finished-at="2018-09-28T07:45:50Z">
          <reporter-output>
          </reporter-output>
        </test-method> <!-- beforeMethod -->
        <test-method status="PASS" signature="Headlinks()[pri:0, instance:testcases.HeaderlinkNavigation@127bd23]" name="Headlinks" duration-ms="41038" started-at="2018-09-28T07:45:50Z" finished-at="2018-09-28T07:46:31Z">
          <reporter-output>
          </reporter-output>
        </test-method> <!-- Headlinks -->
        <test-method status="PASS" signature="afterMethod()[pri:0, instance:testcases.HeaderlinkNavigation@127bd23]" name="afterMethod" is-config="true" duration-ms="3381" started-at="2018-09-28T07:46:31Z" finished-at="2018-09-28T07:46:34Z">
          <reporter-output>
          </reporter-output>
        </test-method> <!-- afterMethod -->
        <test-method status="PASS" signature="afterTest()[pri:0, instance:testcases.HeaderlinkNavigation@127bd23]" name="afterTest" is-config="true" duration-ms="0" started-at="2018-09-28T07:46:34Z" finished-at="2018-09-28T07:46:34Z">
          <reporter-output>
          </reporter-output>
        </test-method> <!-- afterTest -->
        <test-method status="PASS" signature="afterSuite()[pri:0, instance:testcases.HeaderlinkNavigation@127bd23]" name="afterSuite" is-config="true" duration-ms="1012" started-at="2018-09-28T07:46:36Z" finished-at="2018-09-28T07:46:37Z">
          <reporter-output>
          </reporter-output>
        </test-method> <!-- afterSuite -->
      </class> <!-- testcases.HeaderlinkNavigation -->
    </test> <!-- Default test -->
  </suite> <!-- Default suite -->
</testng-results>
